


ARM Macro Assembler    Page 1 


    1 00000000         ; Print.s
    2 00000000         ; Student names: change this to your names or look very 
                       silly
    3 00000000         ; Last modification date: change this to the last modifi
                       cation date or look very silly
    4 00000000         ; Runs on TM4C123
    5 00000000         ; EE319K lab 7 device driver for any LCD
    6 00000000         ;
    7 00000000         ; As part of Lab 7, students need to implement these LCD
                       _OutDec and LCD_OutFix
    8 00000000         ; This driver assumes two low-level LCD functions
    9 00000000         ; ST7735_OutChar   outputs a single 8-bit ASCII characte
                       r
   10 00000000         ; ST7735_OutString outputs a null-terminated string 
   11 00000000         
   12 00000000                 IMPORT           ST7735_OutChar
   13 00000000                 IMPORT           ST7735_OutString
   14 00000000                 EXPORT           LCD_OutDec
   15 00000000                 EXPORT           LCD_OutFix
   16 00000000                 PRESERVE8
   17 00000000                 AREA             |.text|, CODE, READONLY, ALIGN=
2
   18 00000000                 THUMB
   19 00000000         
   20 00000000 00000000 
                       count   EQU              0
   21 00000000 00000004 
                       num     EQU              4
   22 00000000        B 
                       FP      RN               11
   23 00000000         
   24 00000000         
   25 00000000         ;-----------------------LCD_OutDec----------------------
                       -
   26 00000000         ; Output a 32-bit number in unsigned decimal format
   27 00000000         ; Input: R0 (call by value) 32-bit unsigned number
   28 00000000         ; Output: none
   29 00000000         ; Invariables: This function must not permanently modify
                        registers R4 to R11
   30 00000000         ; R0=0,    then output "0"
   31 00000000         ; R0=3,    then output "3"
   32 00000000         ; R0=89,   then output "89"
   33 00000000         ; R0=123,  then output "123"
   34 00000000         ; R0=9999, then output "9999"
   35 00000000         ; R0=4294967295, then output "4294967295"
   36 00000000         LCD_OutDec
   37 00000000 E92D 49F0       PUSH             {R4-R8, R11, LR}
   38 00000004 B082            SUB              SP, #8
   39 00000006 46EB            MOV              FP , SP
   40 00000008 2800            CMP              R0, #0
   41 0000000A D02A            BEQ              Case1
   42 0000000C F04F 0400       MOV              R4, #0
   43 00000010 F8CB 4000       STR              R4, [FP, #count]
   44 00000014 F8CB 0004       STR              R0, [FP, #num]
   45 00000018 F04F 050A       MOV              R5, #10
   46 0000001C         Loop
   47 0000001C F8DB 4004       LDR              R4, [FP, #num]
   48 00000020 2C00            CMP              R4, #0
   49 00000022 D010            BEQ              Next



ARM Macro Assembler    Page 2 


   50 00000024 FBB4 F6F5       UDIV             R6, R4, R5
   51 00000028 FB06 F705       MUL              R7, R6, R5
   52 0000002C EBA4 0807       SUB              R8, R4, R7
   53 00000030 F84D 8D04       PUSH{R8}
   54 00000034 F8CB 6004       STR              R6,[FP, #num]
   55 00000038 F8DB 6000       LDR              R6,[FP, #count]
   56 0000003C F106 0601       ADD              R6, #1
   57 00000040 F8CB 6000       STR              R6,[FP, #count]
   58 00000044 E7EA            B                Loop
   59 00000046         Next
   60 00000046 F8DB 4000       LDR              R4, [FP, #count]
   61 0000004A 2C00            CMP              R4, #0
   62 0000004C D00D            BEQ              Done
   63 0000004E BC01            POP{R0}
   64 00000050 F100 0030       ADD              R0, #0x30
   65 00000054 F7FF FFFE       BL               ST7735_OutChar
   66 00000058 F1A4 0401       SUB              R4, #1
   67 0000005C F8CB 4000       STR              R4,[FP, #count]
   68 00000060 E7F1            B                Next
   69 00000062         Case1
   70 00000062 F04F 0030       MOV              R0, #0x30
   71 00000066 F7FF FFFE       BL               ST7735_OutChar
   72 0000006A         Done
   73 0000006A B002            ADD              SP, #8
   74 0000006C E8BD 49F0       POP              {R4-R8, R11, LR}
   75 00000070 4770            BX               LR
   76 00000072         ;* * * * * * * * End of LCD_OutDec * * * * * * * *
   77 00000072         
   78 00000072         ; -----------------------LCD _OutFix--------------------
                       --
   79 00000072         ; Output characters to LCD display in fixed-point format
                       
   80 00000072         ; unsigned decimal, resolution 0.001, range 0.000 to 9.9
                       99
   81 00000072         ; Inputs:  R0 is an unsigned 32-bit number
   82 00000072         ; Outputs: none
   83 00000072         ; E.g., R0=0,    then output "0.000"
   84 00000072         ;       R0=3,    then output "0.003"
   85 00000072         ;       R0=89,   then output "0.089"
   86 00000072         ;       R0=123,  then output "0.123"
   87 00000072         ;       R0=9999, then output "9.999"
   88 00000072         ;       R0>9999, then output "*.***"
   89 00000072         ; Invariables: This function must not permanently modify
                        registers R4 to R11
   90 00000072         LCD_OutFix
   91 00000072 E92D 41F0       PUSH             {R4-R8, LR}
   92 00000076 F242 780F       MOV              R8, #9999
   93 0000007A 4540            CMP              R0, R8
   94 0000007C D914            BLS              Begin
   95 0000007E F04F 002A       MOV              R0,#0x2A
   96 00000082 F7FF FFFE       BL               ST7735_OutChar
   97 00000086 F04F 002E       MOV              R0, #0x2E
   98 0000008A F7FF FFFE       BL               ST7735_OutChar
   99 0000008E F04F 002A       MOV              R0, #0x2A
  100 00000092 F7FF FFFE       BL               ST7735_OutChar
  101 00000096 F04F 002A       MOV              R0, #0x2A
  102 0000009A F7FF FFFE       BL               ST7735_OutChar
  103 0000009E F04F 002A       MOV              R0, #0x2A
  104 000000A2 F7FF FFFE       BL               ST7735_OutChar



ARM Macro Assembler    Page 3 


  105 000000A6 E026            B                Done2
  106 000000A8         
  107 000000A8         Begin
  108 000000A8 F44F 747A       MOV              R4, #1000
  109 000000AC FBB0 F5F4       UDIV             R5, R0, R4
  110 000000B0 4606            MOV              R6, R0
  111 000000B2 4628            MOV              R0, R5
  112 000000B4 F7FF FFFE       BL               LCD_OutDec
  113 000000B8 F04F 002E       MOV              R0, #0x2E
  114 000000BC F7FF FFFE       BL               ST7735_OutChar
  115 000000C0 FB05 F504       MUL              R5, R4
  116 000000C4 EBA6 0705       SUB              R7, R6, R5
  117 000000C8         
  118 000000C8 2F09            CMP              R7, #9
  119 000000CA D80B            BHI              DDigit
  120 000000CC F04F 0030       MOV              R0, #0x30
  121 000000D0 F7FF FFFE       BL               ST7735_OutChar
  122 000000D4 F04F 0030       MOV              R0, #0x30
  123 000000D8 F7FF FFFE       BL               ST7735_OutChar
  124 000000DC 4638            MOV              R0, R7
  125 000000DE F7FF FFFE       BL               LCD_OutDec
  126 000000E2 E008            B                Done2
  127 000000E4         DDigit
  128 000000E4 2F63            CMP              R7, #99
  129 000000E6 D803            BHI              TDigit
  130 000000E8 F04F 0030       MOV              R0, #0x30
  131 000000EC F7FF FFFE       BL               ST7735_OutChar
  132 000000F0         TDigit
  133 000000F0 4638            MOV              R0, R7
  134 000000F2 F7FF FFFE       BL               LCD_OutDec
  135 000000F6         Done2
  136 000000F6 E8BD 41F0       POP{R4-R8,       LR}
  137 000000FA 4770            BX               LR
  138 000000FC         
  139 000000FC                 ALIGN
  140 000000FC         ;* * * * * * * * End of LCD_OutFix * * * * * * * *
  141 000000FC         
  142 000000FC                 ALIGN                        ; make sure the end
                                                             of this section is
                                                             aligned
  143 000000FC                 END                          ; end of file
Command Line: --debug --xref --diag_suppress=9931 --cpu=Cortex-M4 --apcs=interw
ork --depend=.\print.d -o.\print.o -I.\RTE\_SpaceInvaders -IC:\Users\danie\AppD
ata\Local\Arm\Packs\ARM\CMSIS\5.8.0\CMSIS\Core\Include -IC:\Users\danie\AppData
\Local\Arm\Packs\Keil\TM4C_DFP\1.1.0\Device\Include\TM4C123 --predefine="__EVAL
 SETA 1" --predefine="__UVISION_VERSION SETA 536" --predefine="_RTE_ SETA 1" --
predefine="TM4C123GH6PM SETA 1" --predefine="_RTE_ SETA 1" --list=.\print.lst P
rint.s



ARM Macro Assembler    Page 1 Alphabetic symbol ordering
Relocatable symbols

.text 00000000

Symbol: .text
   Definitions
      At line 17 in file Print.s
   Uses
      None
Comment: .text unused
Begin 000000A8

Symbol: Begin
   Definitions
      At line 107 in file Print.s
   Uses
      At line 94 in file Print.s
Comment: Begin used once
Case1 00000062

Symbol: Case1
   Definitions
      At line 69 in file Print.s
   Uses
      At line 41 in file Print.s
Comment: Case1 used once
DDigit 000000E4

Symbol: DDigit
   Definitions
      At line 127 in file Print.s
   Uses
      At line 119 in file Print.s
Comment: DDigit used once
Done 0000006A

Symbol: Done
   Definitions
      At line 72 in file Print.s
   Uses
      At line 62 in file Print.s
Comment: Done used once
Done2 000000F6

Symbol: Done2
   Definitions
      At line 135 in file Print.s
   Uses
      At line 105 in file Print.s
      At line 126 in file Print.s

LCD_OutDec 00000000

Symbol: LCD_OutDec
   Definitions
      At line 36 in file Print.s
   Uses
      At line 14 in file Print.s
      At line 112 in file Print.s
      At line 125 in file Print.s
      At line 134 in file Print.s



ARM Macro Assembler    Page 2 Alphabetic symbol ordering
Relocatable symbols


LCD_OutFix 00000072

Symbol: LCD_OutFix
   Definitions
      At line 90 in file Print.s
   Uses
      At line 15 in file Print.s
Comment: LCD_OutFix used once
Loop 0000001C

Symbol: Loop
   Definitions
      At line 46 in file Print.s
   Uses
      At line 58 in file Print.s
Comment: Loop used once
Next 00000046

Symbol: Next
   Definitions
      At line 59 in file Print.s
   Uses
      At line 49 in file Print.s
      At line 68 in file Print.s

TDigit 000000F0

Symbol: TDigit
   Definitions
      At line 132 in file Print.s
   Uses
      At line 129 in file Print.s
Comment: TDigit used once
11 symbols



ARM Macro Assembler    Page 1 Alphabetic symbol ordering
Absolute symbols

count 00000000

Symbol: count
   Definitions
      At line 20 in file Print.s
   Uses
      At line 43 in file Print.s
      At line 55 in file Print.s
      At line 57 in file Print.s
      At line 60 in file Print.s
      At line 67 in file Print.s

num 00000004

Symbol: num
   Definitions
      At line 21 in file Print.s
   Uses
      At line 44 in file Print.s
      At line 47 in file Print.s
      At line 54 in file Print.s

2 symbols



ARM Macro Assembler    Page 1 Alphabetic symbol ordering
External symbols

ST7735_OutChar 00000000

Symbol: ST7735_OutChar
   Definitions
      At line 12 in file Print.s
   Uses
      At line 65 in file Print.s
      At line 71 in file Print.s
      At line 96 in file Print.s
      At line 98 in file Print.s
      At line 100 in file Print.s
      At line 102 in file Print.s
      At line 104 in file Print.s
      At line 114 in file Print.s
      At line 121 in file Print.s
      At line 123 in file Print.s
      At line 131 in file Print.s

ST7735_OutString 00000000

Symbol: ST7735_OutString
   Definitions
      At line 13 in file Print.s
   Uses
      None
Comment: ST7735_OutString unused
2 symbols
349 symbols in table
